{"/home/ales/repos/testing-practice/src/index.js": {"path":"/home/ales/repos/testing-practice/src/index.js","all":false,"statementMap":{"0":{"start":{"line":1,"column":0},"end":{"line":1,"column":33}},"1":{"start":{"line":2,"column":0},"end":{"line":2,"column":21}},"2":{"start":{"line":3,"column":0},"end":{"line":3,"column":0}},"3":{"start":{"line":4,"column":0},"end":{"line":4,"column":27}},"4":{"start":{"line":5,"column":0},"end":{"line":5,"column":54}},"5":{"start":{"line":6,"column":0},"end":{"line":6,"column":1}},"6":{"start":{"line":7,"column":0},"end":{"line":7,"column":30}},"7":{"start":{"line":8,"column":0},"end":{"line":8,"column":33}},"8":{"start":{"line":9,"column":0},"end":{"line":9,"column":24}},"9":{"start":{"line":10,"column":0},"end":{"line":10,"column":58}},"10":{"start":{"line":11,"column":0},"end":{"line":11,"column":41}},"11":{"start":{"line":12,"column":0},"end":{"line":12,"column":3}},"12":{"start":{"line":13,"column":0},"end":{"line":13,"column":0}},"13":{"start":{"line":14,"column":0},"end":{"line":14,"column":47}},"14":{"start":{"line":15,"column":0},"end":{"line":15,"column":1}},"15":{"start":{"line":16,"column":0},"end":{"line":16,"column":18}},"16":{"start":{"line":17,"column":0},"end":{"line":17,"column":18}},"17":{"start":{"line":18,"column":0},"end":{"line":18,"column":15}},"18":{"start":{"line":19,"column":0},"end":{"line":19,"column":19}},"19":{"start":{"line":20,"column":0},"end":{"line":20,"column":3}},"20":{"start":{"line":21,"column":0},"end":{"line":21,"column":20}},"21":{"start":{"line":22,"column":0},"end":{"line":22,"column":19}},"22":{"start":{"line":23,"column":0},"end":{"line":23,"column":3}},"23":{"start":{"line":24,"column":0},"end":{"line":24,"column":18}},"24":{"start":{"line":25,"column":0},"end":{"line":25,"column":19}},"25":{"start":{"line":26,"column":0},"end":{"line":26,"column":3}},"26":{"start":{"line":27,"column":0},"end":{"line":27,"column":20}},"27":{"start":{"line":28,"column":0},"end":{"line":28,"column":19}},"28":{"start":{"line":29,"column":0},"end":{"line":29,"column":3}},"29":{"start":{"line":30,"column":0},"end":{"line":30,"column":1}},"30":{"start":{"line":31,"column":0},"end":{"line":31,"column":39}},"31":{"start":{"line":32,"column":0},"end":{"line":32,"column":39}},"32":{"start":{"line":33,"column":0},"end":{"line":33,"column":44}},"33":{"start":{"line":34,"column":0},"end":{"line":34,"column":21}},"34":{"start":{"line":35,"column":0},"end":{"line":35,"column":25}},"35":{"start":{"line":36,"column":0},"end":{"line":36,"column":22}},"36":{"start":{"line":37,"column":0},"end":{"line":37,"column":5}},"37":{"start":{"line":38,"column":0},"end":{"line":38,"column":52}},"38":{"start":{"line":39,"column":0},"end":{"line":39,"column":21}},"39":{"start":{"line":40,"column":0},"end":{"line":40,"column":26}},"40":{"start":{"line":41,"column":0},"end":{"line":41,"column":22}},"41":{"start":{"line":42,"column":0},"end":{"line":42,"column":5}},"42":{"start":{"line":43,"column":0},"end":{"line":43,"column":3}},"43":{"start":{"line":44,"column":0},"end":{"line":44,"column":0}},"44":{"start":{"line":45,"column":0},"end":{"line":45,"column":41}},"45":{"start":{"line":46,"column":0},"end":{"line":46,"column":1}},"46":{"start":{"line":47,"column":0},"end":{"line":47,"column":0}},"47":{"start":{"line":48,"column":0},"end":{"line":48,"column":34}},"48":{"start":{"line":49,"column":0},"end":{"line":49,"column":33}},"49":{"start":{"line":50,"column":0},"end":{"line":50,"column":18}},"50":{"start":{"line":51,"column":0},"end":{"line":51,"column":28}},"51":{"start":{"line":52,"column":0},"end":{"line":52,"column":42}},"52":{"start":{"line":53,"column":0},"end":{"line":53,"column":6}},"53":{"start":{"line":54,"column":0},"end":{"line":54,"column":14}},"54":{"start":{"line":55,"column":0},"end":{"line":55,"column":1}},"55":{"start":{"line":56,"column":0},"end":{"line":56,"column":0}},"56":{"start":{"line":57,"column":0},"end":{"line":57,"column":30}},"57":{"start":{"line":58,"column":0},"end":{"line":58,"column":33}},"58":{"start":{"line":59,"column":0},"end":{"line":59,"column":23}},"59":{"start":{"line":60,"column":0},"end":{"line":60,"column":26}},"60":{"start":{"line":61,"column":0},"end":{"line":61,"column":24}},"61":{"start":{"line":62,"column":0},"end":{"line":62,"column":5}},"62":{"start":{"line":63,"column":0},"end":{"line":63,"column":26}},"63":{"start":{"line":64,"column":0},"end":{"line":64,"column":26}},"64":{"start":{"line":65,"column":0},"end":{"line":65,"column":39}},"65":{"start":{"line":66,"column":0},"end":{"line":66,"column":5}},"66":{"start":{"line":67,"column":0},"end":{"line":67,"column":26}},"67":{"start":{"line":68,"column":0},"end":{"line":68,"column":26}},"68":{"start":{"line":69,"column":0},"end":{"line":69,"column":39}},"69":{"start":{"line":70,"column":0},"end":{"line":70,"column":5}},"70":{"start":{"line":71,"column":0},"end":{"line":71,"column":10}},"71":{"start":{"line":72,"column":0},"end":{"line":72,"column":40}},"72":{"start":{"line":73,"column":0},"end":{"line":73,"column":18}},"73":{"start":{"line":74,"column":0},"end":{"line":74,"column":18}},"74":{"start":{"line":75,"column":0},"end":{"line":75,"column":24}},"75":{"start":{"line":76,"column":0},"end":{"line":76,"column":4}},"76":{"start":{"line":77,"column":0},"end":{"line":77,"column":1}},"77":{"start":{"line":78,"column":0},"end":{"line":78,"column":0}},"78":{"start":{"line":79,"column":0},"end":{"line":79,"column":38}},"79":{"start":{"line":80,"column":0},"end":{"line":80,"column":8}},"80":{"start":{"line":81,"column":0},"end":{"line":81,"column":13}},"81":{"start":{"line":82,"column":0},"end":{"line":82,"column":16}},"82":{"start":{"line":83,"column":0},"end":{"line":83,"column":15}},"83":{"start":{"line":84,"column":0},"end":{"line":84,"column":15}},"84":{"start":{"line":85,"column":0},"end":{"line":85,"column":18}},"85":{"start":{"line":86,"column":0},"end":{"line":86,"column":15}},"86":{"start":{"line":87,"column":0},"end":{"line":87,"column":2}}},"s":{"0":1,"1":1,"2":1,"3":1,"4":1,"5":1,"6":1,"7":1,"8":1,"9":1,"10":5,"11":5,"12":1,"13":1,"14":1,"15":1,"16":1,"17":1,"18":1,"19":1,"20":1,"21":1,"22":1,"23":1,"24":1,"25":1,"26":1,"27":1,"28":1,"29":1,"30":21,"31":21,"32":21,"33":12,"34":12,"35":4,"36":4,"37":21,"38":8,"39":8,"40":1,"41":1,"42":8,"43":21,"44":21,"45":21,"46":1,"47":7,"48":7,"49":7,"50":7,"51":21,"52":7,"53":7,"54":7,"55":1,"56":4,"57":4,"58":4,"59":4,"60":24,"61":4,"62":4,"63":4,"64":24,"65":4,"66":4,"67":4,"68":24,"69":4,"70":4,"71":4,"72":4,"73":4,"74":4,"75":4,"76":4,"77":1,"78":1,"79":1,"80":1,"81":1,"82":1,"83":1,"84":1,"85":1,"86":1},"branchMap":{"0":{"type":"branch","line":4,"loc":{"start":{"line":4,"column":0},"end":{"line":6,"column":1}},"locations":[{"start":{"line":4,"column":0},"end":{"line":6,"column":1}}]},"1":{"type":"branch","line":7,"loc":{"start":{"line":7,"column":0},"end":{"line":15,"column":1}},"locations":[{"start":{"line":7,"column":0},"end":{"line":15,"column":1}}]},"2":{"type":"branch","line":10,"loc":{"start":{"line":10,"column":57},"end":{"line":12,"column":3}},"locations":[{"start":{"line":10,"column":57},"end":{"line":12,"column":3}}]},"3":{"type":"branch","line":17,"loc":{"start":{"line":17,"column":2},"end":{"line":17,"column":18}},"locations":[{"start":{"line":17,"column":2},"end":{"line":17,"column":18}}]},"4":{"type":"branch","line":18,"loc":{"start":{"line":18,"column":2},"end":{"line":20,"column":3}},"locations":[{"start":{"line":18,"column":2},"end":{"line":20,"column":3}}]},"5":{"type":"branch","line":21,"loc":{"start":{"line":21,"column":2},"end":{"line":23,"column":3}},"locations":[{"start":{"line":21,"column":2},"end":{"line":23,"column":3}}]},"6":{"type":"branch","line":24,"loc":{"start":{"line":24,"column":2},"end":{"line":26,"column":3}},"locations":[{"start":{"line":24,"column":2},"end":{"line":26,"column":3}}]},"7":{"type":"branch","line":27,"loc":{"start":{"line":27,"column":2},"end":{"line":29,"column":3}},"locations":[{"start":{"line":27,"column":2},"end":{"line":29,"column":3}}]},"8":{"type":"branch","line":31,"loc":{"start":{"line":31,"column":0},"end":{"line":46,"column":1}},"locations":[{"start":{"line":31,"column":0},"end":{"line":46,"column":1}}]},"9":{"type":"branch","line":33,"loc":{"start":{"line":33,"column":43},"end":{"line":38,"column":3}},"locations":[{"start":{"line":33,"column":43},"end":{"line":38,"column":3}}]},"10":{"type":"branch","line":35,"loc":{"start":{"line":35,"column":24},"end":{"line":37,"column":5}},"locations":[{"start":{"line":35,"column":24},"end":{"line":37,"column":5}}]},"11":{"type":"branch","line":38,"loc":{"start":{"line":38,"column":3},"end":{"line":43,"column":3}},"locations":[{"start":{"line":38,"column":3},"end":{"line":43,"column":3}}]},"12":{"type":"branch","line":38,"loc":{"start":{"line":38,"column":51},"end":{"line":43,"column":3}},"locations":[{"start":{"line":38,"column":51},"end":{"line":43,"column":3}}]},"13":{"type":"branch","line":40,"loc":{"start":{"line":40,"column":25},"end":{"line":42,"column":5}},"locations":[{"start":{"line":40,"column":25},"end":{"line":42,"column":5}}]},"14":{"type":"branch","line":48,"loc":{"start":{"line":48,"column":0},"end":{"line":55,"column":1}},"locations":[{"start":{"line":48,"column":0},"end":{"line":55,"column":1}}]},"15":{"type":"branch","line":51,"loc":{"start":{"line":51,"column":9},"end":{"line":53,"column":5}},"locations":[{"start":{"line":51,"column":9},"end":{"line":53,"column":5}}]},"16":{"type":"branch","line":57,"loc":{"start":{"line":57,"column":0},"end":{"line":77,"column":1}},"locations":[{"start":{"line":57,"column":0},"end":{"line":77,"column":1}}]},"17":{"type":"branch","line":60,"loc":{"start":{"line":60,"column":17},"end":{"line":62,"column":3}},"locations":[{"start":{"line":60,"column":17},"end":{"line":62,"column":3}}]},"18":{"type":"branch","line":64,"loc":{"start":{"line":64,"column":17},"end":{"line":66,"column":3}},"locations":[{"start":{"line":64,"column":17},"end":{"line":66,"column":3}}]},"19":{"type":"branch","line":65,"loc":{"start":{"line":65,"column":24},"end":{"line":65,"column":39}},"locations":[{"start":{"line":65,"column":24},"end":{"line":65,"column":39}}]},"20":{"type":"branch","line":68,"loc":{"start":{"line":68,"column":17},"end":{"line":70,"column":3}},"locations":[{"start":{"line":68,"column":17},"end":{"line":70,"column":3}}]},"21":{"type":"branch","line":69,"loc":{"start":{"line":69,"column":24},"end":{"line":69,"column":39}},"locations":[{"start":{"line":69,"column":24},"end":{"line":69,"column":39}}]}},"b":{"0":[1],"1":[1],"2":[5],"3":[1],"4":[1],"5":[1],"6":[1],"7":[1],"8":[21],"9":[12],"10":[4],"11":[9],"12":[8],"13":[1],"14":[7],"15":[21],"16":[4],"17":[24],"18":[24],"19":[0],"20":[24],"21":[4]},"fnMap":{"0":{"name":"capitalize","decl":{"start":{"line":4,"column":0},"end":{"line":6,"column":1}},"loc":{"start":{"line":4,"column":0},"end":{"line":6,"column":1}},"line":4},"1":{"name":"reverseString","decl":{"start":{"line":7,"column":0},"end":{"line":15,"column":1}},"loc":{"start":{"line":7,"column":0},"end":{"line":15,"column":1}},"line":7},"2":{"name":"Calculator","decl":{"start":{"line":17,"column":2},"end":{"line":17,"column":18}},"loc":{"start":{"line":17,"column":2},"end":{"line":17,"column":18}},"line":17},"3":{"name":"sum","decl":{"start":{"line":18,"column":2},"end":{"line":20,"column":3}},"loc":{"start":{"line":18,"column":2},"end":{"line":20,"column":3}},"line":18},"4":{"name":"subtract","decl":{"start":{"line":21,"column":2},"end":{"line":23,"column":3}},"loc":{"start":{"line":21,"column":2},"end":{"line":23,"column":3}},"line":21},"5":{"name":"divide","decl":{"start":{"line":24,"column":2},"end":{"line":26,"column":3}},"loc":{"start":{"line":24,"column":2},"end":{"line":26,"column":3}},"line":24},"6":{"name":"multiply","decl":{"start":{"line":27,"column":2},"end":{"line":29,"column":3}},"loc":{"start":{"line":27,"column":2},"end":{"line":29,"column":3}},"line":27},"7":{"name":"sumLetterAndKey","decl":{"start":{"line":31,"column":0},"end":{"line":46,"column":1}},"loc":{"start":{"line":31,"column":0},"end":{"line":46,"column":1}},"line":31},"8":{"name":"caesarCipher","decl":{"start":{"line":48,"column":0},"end":{"line":55,"column":1}},"loc":{"start":{"line":48,"column":0},"end":{"line":55,"column":1}},"line":48},"9":{"name":"analyzeArray","decl":{"start":{"line":57,"column":0},"end":{"line":77,"column":1}},"loc":{"start":{"line":57,"column":0},"end":{"line":77,"column":1}},"line":57}},"f":{"0":1,"1":1,"2":1,"3":1,"4":1,"5":1,"6":1,"7":21,"8":7,"9":4}}
,"/home/ales/repos/testing-practice/src/style.css": {"path":"/home/ales/repos/testing-practice/src/style.css","all":false,"statementMap":{"0":{"start":{"line":1,"column":0},"end":{"line":1,"column":0}}},"s":{"0":1},"branchMap":{},"b":{},"fnMap":{},"f":{}}
}
