TN:
SF:src/index.js
FN:4,capitalize
FN:7,reverseString
FN:17,Calculator
FN:18,sum
FN:21,subtract
FN:24,divide
FN:27,multiply
FN:31,sumLetterAndKey
FN:48,caesarCipher
FN:57,analyzeArray
FNF:10
FNH:10
FNDA:1,capitalize
FNDA:1,reverseString
FNDA:1,Calculator
FNDA:1,sum
FNDA:1,subtract
FNDA:1,divide
FNDA:1,multiply
FNDA:21,sumLetterAndKey
FNDA:7,caesarCipher
FNDA:4,analyzeArray
DA:1,1
DA:2,1
DA:3,1
DA:4,1
DA:5,1
DA:6,1
DA:7,1
DA:8,1
DA:9,1
DA:10,1
DA:11,5
DA:12,5
DA:13,1
DA:14,1
DA:15,1
DA:16,1
DA:17,1
DA:18,1
DA:19,1
DA:20,1
DA:21,1
DA:22,1
DA:23,1
DA:24,1
DA:25,1
DA:26,1
DA:27,1
DA:28,1
DA:29,1
DA:30,1
DA:31,21
DA:32,21
DA:33,21
DA:34,12
DA:35,12
DA:36,4
DA:37,4
DA:38,21
DA:39,8
DA:40,8
DA:41,1
DA:42,1
DA:43,8
DA:44,21
DA:45,21
DA:46,21
DA:47,1
DA:48,7
DA:49,7
DA:50,7
DA:51,7
DA:52,21
DA:53,7
DA:54,7
DA:55,7
DA:56,1
DA:57,4
DA:58,4
DA:59,4
DA:60,4
DA:61,24
DA:62,4
DA:63,4
DA:64,4
DA:65,24
DA:66,4
DA:67,4
DA:68,4
DA:69,24
DA:70,4
DA:71,4
DA:72,4
DA:73,4
DA:74,4
DA:75,4
DA:76,4
DA:77,4
DA:78,1
DA:79,1
DA:80,1
DA:81,1
DA:82,1
DA:83,1
DA:84,1
DA:85,1
DA:86,1
DA:87,1
LF:87
LH:87
BRDA:4,0,0,1
BRDA:7,1,0,1
BRDA:10,2,0,5
BRDA:17,3,0,1
BRDA:18,4,0,1
BRDA:21,5,0,1
BRDA:24,6,0,1
BRDA:27,7,0,1
BRDA:31,8,0,21
BRDA:33,9,0,12
BRDA:35,10,0,4
BRDA:38,11,0,9
BRDA:38,12,0,8
BRDA:40,13,0,1
BRDA:48,14,0,7
BRDA:51,15,0,21
BRDA:57,16,0,4
BRDA:60,17,0,24
BRDA:64,18,0,24
BRDA:65,19,0,0
BRDA:68,20,0,24
BRDA:69,21,0,4
BRF:22
BRH:21
end_of_record
TN:
SF:src/style.css
FNF:0
FNH:0
DA:1,1
LF:1
LH:1
BRF:0
BRH:0
end_of_record
